[debug] [2024-02-12T09:16:42.432Z] ----------------------------------------------------------------------
[debug] [2024-02-12T09:16:42.434Z] Command:       /usr/local/bin/node /usr/local/share/npm-global/bin/firebase login
[debug] [2024-02-12T09:16:42.439Z] CLI Version:   13.2.1
[debug] [2024-02-12T09:16:42.439Z] Platform:      linux
[debug] [2024-02-12T09:16:42.439Z] Node Version:  v20.11.0
[debug] [2024-02-12T09:16:42.439Z] Time:          Mon Feb 12 2024 09:16:42 GMT+0000 (Coordinated Universal Time)
[debug] [2024-02-12T09:16:42.439Z] ----------------------------------------------------------------------
[debug] 
[debug] [2024-02-12T09:16:42.442Z] >>> [apiv2][query] GET https://firebase-public.firebaseio.com/cli.json [none]
[info] i  Firebase optionally collects CLI and Emulator Suite usage and error reporting information to help improve our products. Data is collected in accordance with Google's privacy policy (https://policies.google.com/privacy) and is not used to identify you.
 
[debug] [2024-02-12T09:16:42.750Z] <<< [apiv2][status] GET https://firebase-public.firebaseio.com/cli.json 200
[debug] [2024-02-12T09:16:42.751Z] <<< [apiv2][body] GET https://firebase-public.firebaseio.com/cli.json {"cloudBuildErrorAfter":1594252800000,"cloudBuildWarnAfter":1590019200000,"defaultNode10After":1594252800000,"minVersion":"3.0.5","node8DeploysDisabledAfter":1613390400000,"node8RuntimeDisabledAfter":1615809600000,"node8WarnAfter":1600128000000}
[info] i  To change your data collection preference at any time, run `firebase logout` and log in again. 
[info] 
[info] Visit this URL on this device to log in:
[info] https://accounts.google.com/o/oauth2/auth?client_id=563584335869-fgrhgmd47bqnekij5i8b5pr03ho849e6.apps.googleusercontent.com&scope=email%20openid%20https%3A%2F%2Fwww.googleapis.com%2Fauth%2Fcloudplatformprojects.readonly%20https%3A%2F%2Fwww.googleapis.com%2Fauth%2Ffirebase%20https%3A%2F%2Fwww.googleapis.com%2Fauth%2Fcloud-platform&response_type=code&state=578354636&redirect_uri=http%3A%2F%2Flocalhost%3A9005
[info] 
[info] Waiting for authentication...
[debug] [2024-02-12T09:17:11.089Z] >>> [apiv2][query] POST https://auth.firebase.tools/attest [none]
[debug] [2024-02-12T09:17:11.089Z] >>> [apiv2][body] POST https://auth.firebase.tools/attest {"session_id":"e179d180-cb15-4f89-96cf-e9a5ec7622cf"}
[debug] [2024-02-12T09:17:11.526Z] <<< [apiv2][status] POST https://auth.firebase.tools/attest 200
[debug] [2024-02-12T09:17:11.526Z] <<< [apiv2][body] POST https://auth.firebase.tools/attest {"token":"oZKLF9IIYADWMBt5OcLlWL5fvFye0iLvG7sPL08sVrM"}
[info] 
[info] To sign in to the Firebase CLI:
[info] 
[info] 1. Take note of your session ID:
[info] 
[info]    E179D
[info] 
[info] 2. Visit the URL below on any device and follow the instructions to get your code:
[info] 
[info]    https://auth.firebase.tools/login?code_challenge=IvBX8H3piRKVM7VYUW5UkKksYgY1DNVYpIwRx_YkxDA&session=e179d180-cb15-4f89-96cf-e9a5ec7622cf&attest=oZKLF9IIYADWMBt5OcLlWL5fvFye0iLvG7sPL08sVrM
[info] 
[info] 3. Paste or enter the authorization code below once you have it:
[info] 
[debug] [2024-02-12T09:32:45.737Z] ----------------------------------------------------------------------
[debug] [2024-02-12T09:32:45.739Z] Command:       /usr/local/bin/node /usr/local/share/npm-global/bin/firebase login
[debug] [2024-02-12T09:32:45.740Z] CLI Version:   13.2.1
[debug] [2024-02-12T09:32:45.740Z] Platform:      linux
[debug] [2024-02-12T09:32:45.740Z] Node Version:  v20.11.0
[debug] [2024-02-12T09:32:45.740Z] Time:          Mon Feb 12 2024 09:32:45 GMT+0000 (Coordinated Universal Time)
[debug] [2024-02-12T09:32:45.740Z] ----------------------------------------------------------------------
[debug] 
[info] i  Firebase optionally collects CLI and Emulator Suite usage and error reporting information to help improve our products. Data is collected in accordance with Google's privacy policy (https://policies.google.com/privacy) and is not used to identify you.
 
[info] i  To change your data collection preference at any time, run `firebase logout` and log in again. 
[info] 
[info] Visit this URL on this device to log in:
[info] https://accounts.google.com/o/oauth2/auth?client_id=563584335869-fgrhgmd47bqnekij5i8b5pr03ho849e6.apps.googleusercontent.com&scope=email%20openid%20https%3A%2F%2Fwww.googleapis.com%2Fauth%2Fcloudplatformprojects.readonly%20https%3A%2F%2Fwww.googleapis.com%2Fauth%2Ffirebase%20https%3A%2F%2Fwww.googleapis.com%2Fauth%2Fcloud-platform&response_type=code&state=486021658&redirect_uri=http%3A%2F%2Flocalhost%3A9005
[info] 
[info] Waiting for authentication...
[debug] [2024-02-12T09:32:53.507Z] >>> [apiv2][query] POST https://auth.firebase.tools/attest [none]
[debug] [2024-02-12T09:32:53.507Z] >>> [apiv2][body] POST https://auth.firebase.tools/attest {"session_id":"559b251e-be13-4b4e-84a5-c020dac7b340"}
[debug] [2024-02-12T09:32:53.873Z] <<< [apiv2][status] POST https://auth.firebase.tools/attest 200
[debug] [2024-02-12T09:32:53.873Z] <<< [apiv2][body] POST https://auth.firebase.tools/attest {"token":"oNFiyoiq_eC-lVYc2_2xqtIHui0NbHgx5gj7UVlqUGA"}
[info] 
[info] To sign in to the Firebase CLI:
[info] 
[info] 1. Take note of your session ID:
[info] 
[info]    559B2
[info] 
[info] 2. Visit the URL below on any device and follow the instructions to get your code:
[info] 
[info]    https://auth.firebase.tools/login?code_challenge=EmKoQ2sy0ao3G2FprDGL8hekghwYdvuY8AZj0qDqDLI&session=559b251e-be13-4b4e-84a5-c020dac7b340&attest=oNFiyoiq_eC-lVYc2_2xqtIHui0NbHgx5gj7UVlqUGA
[info] 
[info] 3. Paste or enter the authorization code below once you have it:
[info] 
